2022-12-21 20:50:54,585 - Log4JLogChute initialized using file 'velocity.log'
2022-12-21 20:50:54,586 - Initializing Velocity, Calling init()...
2022-12-21 20:50:54,586 - Starting Apache Velocity v1.7 (compiled: 2010-11-19 12:14:37)
2022-12-21 20:50:54,586 - Default Properties File: org\apache\velocity\runtime\defaults\velocity.properties
2022-12-21 20:50:54,586 - Trying to use logger class org.apache.velocity.runtime.log.AvalonLogChute
2022-12-21 20:50:54,586 - Target log system for org.apache.velocity.runtime.log.AvalonLogChute is not available (java.lang.NoClassDefFoundError: org/apache/log/format/Formatter).  Falling back to next log system...
2022-12-21 20:50:54,586 - Trying to use logger class org.apache.velocity.runtime.log.Log4JLogChute
2022-12-21 20:50:54,587 - Using logger class org.apache.velocity.runtime.log.Log4JLogChute
2022-12-21 20:50:54,590 - ResourceLoader instantiated: org.apache.velocity.runtime.resource.loader.ClasspathResourceLoader
2022-12-21 20:50:54,599 - ResourceCache: initialized (class org.apache.velocity.runtime.resource.ResourceCacheImpl) with class java.util.Collections$SynchronizedMap cache map.
2022-12-21 20:50:54,600 - Loaded System Directive: org.apache.velocity.runtime.directive.Stop
2022-12-21 20:50:54,601 - Loaded System Directive: org.apache.velocity.runtime.directive.Define
2022-12-21 20:50:54,601 - Loaded System Directive: org.apache.velocity.runtime.directive.Break
2022-12-21 20:50:54,601 - Loaded System Directive: org.apache.velocity.runtime.directive.Evaluate
2022-12-21 20:50:54,601 - Loaded System Directive: org.apache.velocity.runtime.directive.Literal
2022-12-21 20:50:54,602 - Loaded System Directive: org.apache.velocity.runtime.directive.Macro
2022-12-21 20:50:54,603 - Loaded System Directive: org.apache.velocity.runtime.directive.Parse
2022-12-21 20:50:54,603 - Loaded System Directive: org.apache.velocity.runtime.directive.Include
2022-12-21 20:50:54,604 - Loaded System Directive: org.apache.velocity.runtime.directive.Foreach
2022-12-21 20:50:54,618 - Created '20' parsers.
2022-12-21 20:50:54,621 - Velocimacro : "velocimacro.library" is not set.  Trying default library: VM_global_library.vm
2022-12-21 20:50:54,621 - Could not load resource 'VM_global_library.vm' from ResourceLoader org.apache.velocity.runtime.resource.loader.ClasspathResourceLoader: ClasspathResourceLoader Error: cannot find resource VM_global_library.vm
2022-12-21 20:50:54,621 - Velocimacro : Default library not found.
2022-12-21 20:50:54,621 - Velocimacro : allowInline = true : VMs can be defined inline in templates
2022-12-21 20:50:54,622 - Velocimacro : allowInlineToOverride = false : VMs defined inline may NOT replace previous VM definitions
2022-12-21 20:50:54,622 - Velocimacro : allowInlineLocal = false : VMs defined inline will be global in scope if allowed.
2022-12-21 20:50:54,622 - Velocimacro : autoload off : VM system will not automatically reload global library macros
2022-12-21 20:50:54,641 - ResourceManager : found /templates/entity.java.vm with loader org.apache.velocity.runtime.resource.loader.ClasspathResourceLoader
2022-12-21 20:50:54,649 - ResourceManager : found /templates/mapper.java.vm with loader org.apache.velocity.runtime.resource.loader.ClasspathResourceLoader
2022-12-21 20:50:54,656 - ResourceManager : found /templates/mapper.xml.vm with loader org.apache.velocity.runtime.resource.loader.ClasspathResourceLoader
2022-12-21 20:50:54,658 - ResourceManager : found /templates/service.java.vm with loader org.apache.velocity.runtime.resource.loader.ClasspathResourceLoader
2022-12-21 20:50:54,661 - ResourceManager : found /templates/serviceImpl.java.vm with loader org.apache.velocity.runtime.resource.loader.ClasspathResourceLoader
2022-12-21 20:50:54,667 - ResourceManager : found /templates/controller.java.vm with loader org.apache.velocity.runtime.resource.loader.ClasspathResourceLoader
2022-12-21 20:53:30,879 - Log4JLogChute initialized using file 'velocity.log'
2022-12-21 20:53:30,879 - Initializing Velocity, Calling init()...
2022-12-21 20:53:30,879 - Starting Apache Velocity v1.7 (compiled: 2010-11-19 12:14:37)
2022-12-21 20:53:30,879 - Default Properties File: org\apache\velocity\runtime\defaults\velocity.properties
2022-12-21 20:53:30,879 - Trying to use logger class org.apache.velocity.runtime.log.AvalonLogChute
2022-12-21 20:53:30,879 - Target log system for org.apache.velocity.runtime.log.AvalonLogChute is not available (java.lang.NoClassDefFoundError: org/apache/log/format/Formatter).  Falling back to next log system...
2022-12-21 20:53:30,879 - Trying to use logger class org.apache.velocity.runtime.log.Log4JLogChute
2022-12-21 20:53:30,879 - Using logger class org.apache.velocity.runtime.log.Log4JLogChute
2022-12-21 20:53:30,881 - ResourceLoader instantiated: org.apache.velocity.runtime.resource.loader.ClasspathResourceLoader
2022-12-21 20:53:30,890 - ResourceCache: initialized (class org.apache.velocity.runtime.resource.ResourceCacheImpl) with class java.util.Collections$SynchronizedMap cache map.
2022-12-21 20:53:30,891 - Loaded System Directive: org.apache.velocity.runtime.directive.Stop
2022-12-21 20:53:30,891 - Loaded System Directive: org.apache.velocity.runtime.directive.Define
2022-12-21 20:53:30,892 - Loaded System Directive: org.apache.velocity.runtime.directive.Break
2022-12-21 20:53:30,892 - Loaded System Directive: org.apache.velocity.runtime.directive.Evaluate
2022-12-21 20:53:30,893 - Loaded System Directive: org.apache.velocity.runtime.directive.Literal
2022-12-21 20:53:30,893 - Loaded System Directive: org.apache.velocity.runtime.directive.Macro
2022-12-21 20:53:30,894 - Loaded System Directive: org.apache.velocity.runtime.directive.Parse
2022-12-21 20:53:30,894 - Loaded System Directive: org.apache.velocity.runtime.directive.Include
2022-12-21 20:53:30,895 - Loaded System Directive: org.apache.velocity.runtime.directive.Foreach
2022-12-21 20:53:30,911 - Created '20' parsers.
2022-12-21 20:53:30,915 - Velocimacro : "velocimacro.library" is not set.  Trying default library: VM_global_library.vm
2022-12-21 20:53:30,915 - Could not load resource 'VM_global_library.vm' from ResourceLoader org.apache.velocity.runtime.resource.loader.ClasspathResourceLoader: ClasspathResourceLoader Error: cannot find resource VM_global_library.vm
2022-12-21 20:53:30,915 - Velocimacro : Default library not found.
2022-12-21 20:53:30,915 - Velocimacro : allowInline = true : VMs can be defined inline in templates
2022-12-21 20:53:30,915 - Velocimacro : allowInlineToOverride = false : VMs defined inline may NOT replace previous VM definitions
2022-12-21 20:53:30,915 - Velocimacro : allowInlineLocal = false : VMs defined inline will be global in scope if allowed.
2022-12-21 20:53:30,915 - Velocimacro : autoload off : VM system will not automatically reload global library macros
2022-12-21 20:53:30,935 - ResourceManager : found /templates/entity.java.vm with loader org.apache.velocity.runtime.resource.loader.ClasspathResourceLoader
2022-12-21 20:53:30,942 - ResourceManager : found /templates/mapper.java.vm with loader org.apache.velocity.runtime.resource.loader.ClasspathResourceLoader
2022-12-21 20:53:30,949 - ResourceManager : found /templates/mapper.xml.vm with loader org.apache.velocity.runtime.resource.loader.ClasspathResourceLoader
2022-12-21 20:53:30,951 - ResourceManager : found /templates/service.java.vm with loader org.apache.velocity.runtime.resource.loader.ClasspathResourceLoader
2022-12-21 20:53:30,953 - ResourceManager : found /templates/serviceImpl.java.vm with loader org.apache.velocity.runtime.resource.loader.ClasspathResourceLoader
2022-12-21 20:53:30,959 - ResourceManager : found /templates/controller.java.vm with loader org.apache.velocity.runtime.resource.loader.ClasspathResourceLoader
2023-02-07 21:46:56,117 - Log4JLogChute initialized using file 'velocity.log'
2023-02-07 21:46:56,126 - Initializing Velocity, Calling init()...
2023-02-07 21:46:56,126 - Starting Apache Velocity v1.7 (compiled: 2010-11-19 12:14:37)
2023-02-07 21:46:56,126 - Default Properties File: org\apache\velocity\runtime\defaults\velocity.properties
2023-02-07 21:46:56,145 - Trying to use logger class org.apache.velocity.runtime.log.AvalonLogChute
2023-02-07 21:46:56,145 - Target log system for org.apache.velocity.runtime.log.AvalonLogChute is not available (java.lang.NoClassDefFoundError: org/apache/log/format/Formatter).  Falling back to next log system...
2023-02-07 21:46:56,145 - Trying to use logger class org.apache.velocity.runtime.log.Log4JLogChute
2023-02-07 21:46:56,145 - Using logger class org.apache.velocity.runtime.log.Log4JLogChute
2023-02-07 21:46:56,148 - ResourceLoader instantiated: org.apache.velocity.runtime.resource.loader.ClasspathResourceLoader
2023-02-07 21:46:56,157 - ResourceCache: initialized (class org.apache.velocity.runtime.resource.ResourceCacheImpl) with class java.util.Collections$SynchronizedMap cache map.
2023-02-07 21:46:56,157 - Loaded System Directive: org.apache.velocity.runtime.directive.Stop
2023-02-07 21:46:56,158 - Loaded System Directive: org.apache.velocity.runtime.directive.Define
2023-02-07 21:46:56,158 - Loaded System Directive: org.apache.velocity.runtime.directive.Break
2023-02-07 21:46:56,159 - Loaded System Directive: org.apache.velocity.runtime.directive.Evaluate
2023-02-07 21:46:56,159 - Loaded System Directive: org.apache.velocity.runtime.directive.Literal
2023-02-07 21:46:56,160 - Loaded System Directive: org.apache.velocity.runtime.directive.Macro
2023-02-07 21:46:56,160 - Loaded System Directive: org.apache.velocity.runtime.directive.Parse
2023-02-07 21:46:56,161 - Loaded System Directive: org.apache.velocity.runtime.directive.Include
2023-02-07 21:46:56,161 - Loaded System Directive: org.apache.velocity.runtime.directive.Foreach
2023-02-07 21:46:56,178 - Created '20' parsers.
2023-02-07 21:46:56,182 - Velocimacro : "velocimacro.library" is not set.  Trying default library: VM_global_library.vm
2023-02-07 21:46:56,182 - Could not load resource 'VM_global_library.vm' from ResourceLoader org.apache.velocity.runtime.resource.loader.ClasspathResourceLoader: ClasspathResourceLoader Error: cannot find resource VM_global_library.vm
2023-02-07 21:46:56,182 - Velocimacro : Default library not found.
2023-02-07 21:46:56,182 - Velocimacro : allowInline = true : VMs can be defined inline in templates
2023-02-07 21:46:56,182 - Velocimacro : allowInlineToOverride = false : VMs defined inline may NOT replace previous VM definitions
2023-02-07 21:46:56,182 - Velocimacro : allowInlineLocal = false : VMs defined inline will be global in scope if allowed.
2023-02-07 21:46:56,182 - Velocimacro : autoload off : VM system will not automatically reload global library macros
2023-02-07 21:46:56,198 - ResourceManager : found /templates/entity.java.vm with loader org.apache.velocity.runtime.resource.loader.ClasspathResourceLoader
2023-02-07 21:46:56,206 - ResourceManager : found /templates/mapper.java.vm with loader org.apache.velocity.runtime.resource.loader.ClasspathResourceLoader
2023-02-07 21:46:56,210 - ResourceManager : found /templates/mapper.xml.vm with loader org.apache.velocity.runtime.resource.loader.ClasspathResourceLoader
2023-02-07 21:46:56,212 - ResourceManager : found /templates/service.java.vm with loader org.apache.velocity.runtime.resource.loader.ClasspathResourceLoader
2023-02-07 21:46:56,229 - ResourceManager : found /templates/serviceImpl.java.vm with loader org.apache.velocity.runtime.resource.loader.ClasspathResourceLoader
2023-02-07 21:46:56,231 - ResourceManager : found /templates/controller.java.vm with loader org.apache.velocity.runtime.resource.loader.ClasspathResourceLoader
2023-02-14 16:30:25,696 - Log4JLogChute initialized using file 'velocity.log'
2023-02-14 16:30:25,708 - Initializing Velocity, Calling init()...
2023-02-14 16:30:25,708 - Starting Apache Velocity v1.7 (compiled: 2010-11-19 12:14:37)
2023-02-14 16:30:25,708 - Default Properties File: org\apache\velocity\runtime\defaults\velocity.properties
2023-02-14 16:30:25,708 - Trying to use logger class org.apache.velocity.runtime.log.AvalonLogChute
2023-02-14 16:30:25,708 - Target log system for org.apache.velocity.runtime.log.AvalonLogChute is not available (java.lang.NoClassDefFoundError: org/apache/log/format/Formatter).  Falling back to next log system...
2023-02-14 16:30:25,708 - Trying to use logger class org.apache.velocity.runtime.log.Log4JLogChute
2023-02-14 16:30:25,708 - Using logger class org.apache.velocity.runtime.log.Log4JLogChute
2023-02-14 16:30:25,711 - ResourceLoader instantiated: org.apache.velocity.runtime.resource.loader.ClasspathResourceLoader
2023-02-14 16:30:25,724 - ResourceCache: initialized (class org.apache.velocity.runtime.resource.ResourceCacheImpl) with class java.util.Collections$SynchronizedMap cache map.
2023-02-14 16:30:25,725 - Loaded System Directive: org.apache.velocity.runtime.directive.Stop
2023-02-14 16:30:25,725 - Loaded System Directive: org.apache.velocity.runtime.directive.Define
2023-02-14 16:30:25,726 - Loaded System Directive: org.apache.velocity.runtime.directive.Break
2023-02-14 16:30:25,726 - Loaded System Directive: org.apache.velocity.runtime.directive.Evaluate
2023-02-14 16:30:25,726 - Loaded System Directive: org.apache.velocity.runtime.directive.Literal
2023-02-14 16:30:25,727 - Loaded System Directive: org.apache.velocity.runtime.directive.Macro
2023-02-14 16:30:25,727 - Loaded System Directive: org.apache.velocity.runtime.directive.Parse
2023-02-14 16:30:25,728 - Loaded System Directive: org.apache.velocity.runtime.directive.Include
2023-02-14 16:30:25,729 - Loaded System Directive: org.apache.velocity.runtime.directive.Foreach
2023-02-14 16:30:25,744 - Created '20' parsers.
2023-02-14 16:30:25,748 - Velocimacro : "velocimacro.library" is not set.  Trying default library: VM_global_library.vm
2023-02-14 16:30:25,749 - Could not load resource 'VM_global_library.vm' from ResourceLoader org.apache.velocity.runtime.resource.loader.ClasspathResourceLoader: ClasspathResourceLoader Error: cannot find resource VM_global_library.vm
2023-02-14 16:30:25,749 - Velocimacro : Default library not found.
2023-02-14 16:30:25,749 - Velocimacro : allowInline = true : VMs can be defined inline in templates
2023-02-14 16:30:25,750 - Velocimacro : allowInlineToOverride = false : VMs defined inline may NOT replace previous VM definitions
2023-02-14 16:30:25,750 - Velocimacro : allowInlineLocal = false : VMs defined inline will be global in scope if allowed.
2023-02-14 16:30:25,750 - Velocimacro : autoload off : VM system will not automatically reload global library macros
2023-02-14 16:30:25,766 - ResourceManager : found /templates/entity.java.vm with loader org.apache.velocity.runtime.resource.loader.ClasspathResourceLoader
2023-02-14 16:30:25,787 - ResourceManager : found /templates/mapper.java.vm with loader org.apache.velocity.runtime.resource.loader.ClasspathResourceLoader
2023-02-14 16:30:25,789 - ResourceManager : found /templates/mapper.xml.vm with loader org.apache.velocity.runtime.resource.loader.ClasspathResourceLoader
2023-02-14 16:30:25,791 - ResourceManager : found /templates/service.java.vm with loader org.apache.velocity.runtime.resource.loader.ClasspathResourceLoader
2023-02-14 16:30:25,792 - ResourceManager : found /templates/serviceImpl.java.vm with loader org.apache.velocity.runtime.resource.loader.ClasspathResourceLoader
2023-02-14 16:30:25,794 - ResourceManager : found /templates/controller.java.vm with loader org.apache.velocity.runtime.resource.loader.ClasspathResourceLoader
2023-02-18 09:45:46,199 - Log4JLogChute initialized using file 'velocity.log'
2023-02-18 09:45:46,199 - Initializing Velocity, Calling init()...
2023-02-18 09:45:46,199 - Starting Apache Velocity v1.7 (compiled: 2010-11-19 12:14:37)
2023-02-18 09:45:46,199 - Default Properties File: org\apache\velocity\runtime\defaults\velocity.properties
2023-02-18 09:45:46,199 - Trying to use logger class org.apache.velocity.runtime.log.AvalonLogChute
2023-02-18 09:45:46,199 - Target log system for org.apache.velocity.runtime.log.AvalonLogChute is not available (java.lang.NoClassDefFoundError: org/apache/log/format/Formatter).  Falling back to next log system...
2023-02-18 09:45:46,200 - Trying to use logger class org.apache.velocity.runtime.log.Log4JLogChute
2023-02-18 09:45:46,216 - Using logger class org.apache.velocity.runtime.log.Log4JLogChute
2023-02-18 09:45:46,219 - ResourceLoader instantiated: org.apache.velocity.runtime.resource.loader.ClasspathResourceLoader
2023-02-18 09:45:46,224 - ResourceCache: initialized (class org.apache.velocity.runtime.resource.ResourceCacheImpl) with class java.util.Collections$SynchronizedMap cache map.
2023-02-18 09:45:46,225 - Loaded System Directive: org.apache.velocity.runtime.directive.Stop
2023-02-18 09:45:46,225 - Loaded System Directive: org.apache.velocity.runtime.directive.Define
2023-02-18 09:45:46,226 - Loaded System Directive: org.apache.velocity.runtime.directive.Break
2023-02-18 09:45:46,226 - Loaded System Directive: org.apache.velocity.runtime.directive.Evaluate
2023-02-18 09:45:46,226 - Loaded System Directive: org.apache.velocity.runtime.directive.Literal
2023-02-18 09:45:46,227 - Loaded System Directive: org.apache.velocity.runtime.directive.Macro
2023-02-18 09:45:46,227 - Loaded System Directive: org.apache.velocity.runtime.directive.Parse
2023-02-18 09:45:46,228 - Loaded System Directive: org.apache.velocity.runtime.directive.Include
2023-02-18 09:45:46,229 - Loaded System Directive: org.apache.velocity.runtime.directive.Foreach
2023-02-18 09:45:46,244 - Created '20' parsers.
2023-02-18 09:45:46,247 - Velocimacro : "velocimacro.library" is not set.  Trying default library: VM_global_library.vm
2023-02-18 09:45:46,247 - Could not load resource 'VM_global_library.vm' from ResourceLoader org.apache.velocity.runtime.resource.loader.ClasspathResourceLoader: ClasspathResourceLoader Error: cannot find resource VM_global_library.vm
2023-02-18 09:45:46,247 - Velocimacro : Default library not found.
2023-02-18 09:45:46,247 - Velocimacro : allowInline = true : VMs can be defined inline in templates
2023-02-18 09:45:46,248 - Velocimacro : allowInlineToOverride = false : VMs defined inline may NOT replace previous VM definitions
2023-02-18 09:45:46,248 - Velocimacro : allowInlineLocal = false : VMs defined inline will be global in scope if allowed.
2023-02-18 09:45:46,248 - Velocimacro : autoload off : VM system will not automatically reload global library macros
2023-02-18 09:45:46,264 - ResourceManager : found /templates/entity.java.vm with loader org.apache.velocity.runtime.resource.loader.ClasspathResourceLoader
2023-02-18 09:45:46,271 - ResourceManager : found /templates/mapper.java.vm with loader org.apache.velocity.runtime.resource.loader.ClasspathResourceLoader
2023-02-18 09:45:46,274 - ResourceManager : found /templates/mapper.xml.vm with loader org.apache.velocity.runtime.resource.loader.ClasspathResourceLoader
2023-02-18 09:45:46,290 - ResourceManager : found /templates/service.java.vm with loader org.apache.velocity.runtime.resource.loader.ClasspathResourceLoader
2023-02-18 09:45:46,291 - ResourceManager : found /templates/serviceImpl.java.vm with loader org.apache.velocity.runtime.resource.loader.ClasspathResourceLoader
2023-02-18 09:45:46,293 - ResourceManager : found /templates/controller.java.vm with loader org.apache.velocity.runtime.resource.loader.ClasspathResourceLoader
